c:\portfolio\pullthesticks-final\code\gtframework\debug\nlgframework\vc141.pdb
c:\portfolio\pullthesticks-final\code\gtframework\debug\nlgframework\vc141.idb
c:\portfolio\pullthesticks-final\code\gtframework\debug\nlgframework\nljoint.obj
c:\portfolio\pullthesticks-final\code\gtframework\debug\nlgframework\nlimmgui.obj
c:\portfolio\pullthesticks-final\code\gtframework\debug\nlgframework\nlguitexture.obj
c:\portfolio\pullthesticks-final\code\gtframework\debug\nlgframework\nlguitext.obj
c:\portfolio\pullthesticks-final\code\gtframework\debug\nlgframework\nlgframework.obj
c:\portfolio\pullthesticks-final\code\gtframework\debug\nlgframework\nlgamescenebase.obj
c:\portfolio\pullthesticks-final\code\gtframework\debug\nlgframework\nlgameobjpri.obj
c:\portfolio\pullthesticks-final\code\gtframework\debug\nlgframework\nlgameinstancebase.obj
c:\portfolio\pullthesticks-final\code\gtframework\debug\nlgframework\nldebugrenderer.obj
c:\portfolio\pullthesticks-final\code\gtframework\debug\nlgframework\nlcolliderevent.obj
c:\portfolio\pullthesticks-final\code\gtframework\debug\nlgframework\nlcollider.obj
c:\portfolio\pullthesticks-final\code\gtframework\debug\nlgframework\nlcloth.obj
c:\portfolio\pullthesticks-final\code\gtframework\debug\nlgframework\nlbuffer.obj
c:\portfolio\pullthesticks-final\code\gtframework\debug\nlgframework\mouse.obj
c:\portfolio\pullthesticks-final\code\gtframework\debug\nlgframework\keyboard.obj
c:\portfolio\pullthesticks-final\code\gtframework\debug\nlgframework\inputmanager.obj
c:\portfolio\pullthesticks-final\code\gtframework\debug\nlgframework\ground.obj
c:\portfolio\pullthesticks-final\code\gtframework\debug\nlgframework\doublemodescene.obj
c:\portfolio\pullthesticks-final\code\gtframework\debug\nlgframework\cameraobject.obj
c:\portfolio\pullthesticks-final\code\gtframework\debug\nlgframework\basket.obj
c:\portfolio\pullthesticks-final\code\gtframework\debug\nlgframework\main.obj
c:\portfolio\pullthesticks-final\code\gtframework\debug\nlgframework\nlwater.obj
c:\portfolio\pullthesticks-final\code\gtframework\debug\nlgframework\nlvertexdecl.obj
c:\portfolio\pullthesticks-final\code\gtframework\debug\nlgframework\nltexture.obj
c:\portfolio\pullthesticks-final\code\gtframework\debug\nlgframework\nlterrain.obj
c:\portfolio\pullthesticks-final\code\gtframework\debug\nlgframework\nlskybox.obj
c:\portfolio\pullthesticks-final\code\gtframework\debug\nlgframework\nlrigidbody.obj
c:\portfolio\pullthesticks-final\code\gtframework\debug\nlgframework\nlpresenter.obj
c:\portfolio\pullthesticks-final\code\gtframework\debug\nlgframework\nlgameobject.obj
c:\portfolio\pullthesticks-final\code\gtframework\debug\nlgframework\nlgameenvironment.obj
c:\portfolio\pullthesticks-final\code\gtframework\debug\nlgframework\nlrenderdevice.obj
c:\portfolio\pullthesticks-final\code\gtframework\debug\nlgframework\nlpxuserdata.obj
c:\portfolio\pullthesticks-final\code\gtframework\debug\nlgframework\nlpxpicker.obj
c:\portfolio\pullthesticks-final\code\gtframework\debug\nlgframework\nlphysicssimulator.obj
c:\portfolio\pullthesticks-final\code\gtframework\debug\nlgframework\nlpxmaterial.obj
c:\portfolio\pullthesticks-final\code\gtframework\debug\nlgframework\nlpxreport.obj
c:\portfolio\pullthesticks-final\code\gtframework\debug\nlgframework\nlphysicsdevice.obj
c:\portfolio\pullthesticks-final\code\gtframework\debug\nlgframework\nlobjmeshloader.obj
c:\portfolio\pullthesticks-final\code\gtframework\debug\nlgframework\nlmesh.obj
c:\portfolio\pullthesticks-final\code\gtframework\debug\nlgframework\nlmaterial.obj
c:\portfolio\pullthesticks-final\code\gtframework\debug\nlgframework\singlemodescene.obj
c:\portfolio\pullthesticks-final\code\gtframework\debug\nlgframework\stick.obj
c:\portfolio\pullthesticks-final\code\gtframework\debug\nlgframework\mainmenu.obj
c:\portfolio\pullthesticks-final\code\gtframework\debug\nlgframework\pullsticksapp.obj
c:\portfolio\pullthesticks-final\code\gtframework\debug\nlgframework\stream.obj
c:\portfolio\pullthesticks-final\code\gtframework\debug\nlgframework\stableheader.obj
c:\portfolio\pullthesticks-final\code\gtframework\debug\nlgframework\srobjloader.obj
c:\portfolio\pullthesticks-final\code\gtframework\debug\nlgframework\nldynamicshadercomb.obj
c:\portfolio\pullthesticks-final\\game\nlgframework.pdb
c:\portfolio\pullthesticks-final\\game\nlgframework.exe
c:\portfolio\pullthesticks-final\\game\nlgframework.ilk
c:\portfolio\pullthesticks-final\code\gtframework\debug\nlgframework\nlgframework.tlog\cl.command.1.tlog
c:\portfolio\pullthesticks-final\code\gtframework\debug\nlgframework\nlgframework.tlog\cl.read.1.tlog
c:\portfolio\pullthesticks-final\code\gtframework\debug\nlgframework\nlgframework.tlog\cl.write.1.tlog
c:\portfolio\pullthesticks-final\code\gtframework\debug\nlgframework\nlgframework.tlog\rc.command.1.tlog
c:\portfolio\pullthesticks-final\code\gtframework\debug\nlgframework\nlgframework.tlog\rc.read.1.tlog
c:\portfolio\pullthesticks-final\code\gtframework\debug\nlgframework\nlgframework.tlog\rc.write.1.tlog
